2016-12-19 22:14:29 [::1][-][-][warning][craft\app\helpers\Io::createFolder] Tried to create a folder at /Users/Chris/Documents/Repositories/portfolio-craft/craft/storage/runtime/cache/us/, but the folder already exists.
2016-12-19 22:14:29 [::1][-][-][warning][craft\app\helpers\Io::createFolder] Tried to create a folder at /Users/Chris/Documents/Repositories/portfolio-craft/craft/storage/runtime/cache/us/, but the folder already exists.
2016-12-19 22:14:29 [::1][-][-][warning][craft\app\helpers\Io::createFolder] Tried to create a folder at /Users/Chris/Documents/Repositories/portfolio-craft/craft/storage/runtime/cache/om/, but the folder already exists.
2016-12-19 22:14:29 [::1][-][-][error][craft\app\db\Connection::open] SQLSTATE[HY000] [1045] Access denied for user 'root'@'localhost' (using password: NO)
2016-12-19 22:14:29 [::1][-][-][error][craft\app\db\Connection::open] SQLSTATE[HY000] [1045] Access denied for user 'root'@'localhost' (using password: NO)
2016-12-19 22:14:29 [::1][-][-][error][craft\app\errors\DbConnectException] exception 'craft\app\errors\DbConnectException' with message 'Database configuration errors: The database name isn’t set in your db config file.' in /Users/Chris/Documents/Repositories/portfolio-craft/craft/app/base/ApplicationTrait.php:702
Stack trace:
#0 /Users/Chris/Documents/Repositories/portfolio-craft/craft/app/base/ApplicationTrait.php(1224): craft\app\web\Application->validateDbConfigFile()
#1 /Users/Chris/Documents/Repositories/portfolio-craft/craft/app/web/Application.php(84): craft\app\web\Application->_init()
#2 /Users/Chris/Documents/Repositories/portfolio-craft/craft/app/vendor/yiisoft/yii2/base/Object.php(107): craft\app\web\Application->init()
#3 /Users/Chris/Documents/Repositories/portfolio-craft/craft/app/vendor/yiisoft/yii2/base/Application.php(206): yii\base\Object->__construct(Array)
#4 /Users/Chris/Documents/Repositories/portfolio-craft/craft/app/web/Application.php(72): yii\base\Application->__construct(Array)
#5 /Users/Chris/Documents/Repositories/portfolio-craft/craft/app/bootstrap.php(235): craft\app\web\Application->__construct(Array)
#6 /Users/Chris/Documents/Repositories/portfolio-craft/craft/app/index.php(66): require('/Users/Chris/Do...')
#7 /Users/Chris/Documents/Repositories/portfolio-craft/public/index.php(19): require_once('/Users/Chris/Do...')
#8 {main}
2016-12-19 22:14:29 [::1][-][-][error][craft\app\db\Connection::open] SQLSTATE[HY000] [1045] Access denied for user 'root'@'localhost' (using password: NO)
2016-12-19 22:14:29 [::1][-][-][error][craft\app\db\Connection::open] SQLSTATE[HY000] [1045] Access denied for user 'root'@'localhost' (using password: NO)
2016-12-19 22:14:28 [::1][-][-][info][application] $_SERVER = [
    'HTTP_HOST' => 'chris.web'
    'HTTP_UPGRADE_INSECURE_REQUESTS' => '1'
    'HTTP_ACCEPT' => 'text/html,application/xhtml+xml,application/xml;q=0.9,*/*;q=0.8'
    'HTTP_USER_AGENT' => 'Mozilla/5.0 (Macintosh; Intel Mac OS X 10_12_1) AppleWebKit/602.2.14 (KHTML, like Gecko) Version/10.0.1 Safari/602.2.14'
    'HTTP_ACCEPT_LANGUAGE' => 'en-us'
    'HTTP_ACCEPT_ENCODING' => 'gzip, deflate'
    'HTTP_CONNECTION' => 'keep-alive'
    'PATH' => '/usr/bin:/bin:/usr/sbin:/sbin'
    'SERVER_SIGNATURE' => ''
    'SERVER_SOFTWARE' => 'Apache'
    'SERVER_NAME' => 'chris.web'
    'SERVER_ADDR' => '::1'
    'SERVER_PORT' => '80'
    'REMOTE_ADDR' => '::1'
    'DOCUMENT_ROOT' => '/Users/Chris/Documents/Repositories/portfolio-craft/public'
    'SERVER_ADMIN' => 'you@example.com'
    'SCRIPT_FILENAME' => '/Users/Chris/Documents/Repositories/portfolio-craft/public/index.php'
    'REMOTE_PORT' => '56629'
    'GATEWAY_INTERFACE' => 'CGI/1.1'
    'SERVER_PROTOCOL' => 'HTTP/1.1'
    'REQUEST_METHOD' => 'GET'
    'QUERY_STRING' => ''
    'REQUEST_URI' => '/'
    'SCRIPT_NAME' => '/index.php'
    'PHP_SELF' => '/index.php'
    'REQUEST_TIME_FLOAT' => 1482185668.9
    'REQUEST_TIME' => 1482185668
    'argv' => []
    'argc' => 0
]
2016-12-19 22:15:50 [::1][-][-][error][craft\app\db\Connection::open] SQLSTATE[HY000] [1045] Access denied for user 'root'@'localhost' (using password: NO)
2016-12-19 22:15:50 [::1][-][-][error][craft\app\db\Connection::open] SQLSTATE[HY000] [1045] Access denied for user 'root'@'localhost' (using password: NO)
2016-12-19 22:15:50 [::1][-][-][error][craft\app\errors\DbConnectException] exception 'craft\app\errors\DbConnectException' with message 'Database configuration errors: The database name isn’t set in your db config file.' in /Users/Chris/Documents/Repositories/portfolio-craft/craft/app/base/ApplicationTrait.php:702
Stack trace:
#0 /Users/Chris/Documents/Repositories/portfolio-craft/craft/app/base/ApplicationTrait.php(1224): craft\app\web\Application->validateDbConfigFile()
#1 /Users/Chris/Documents/Repositories/portfolio-craft/craft/app/web/Application.php(84): craft\app\web\Application->_init()
#2 /Users/Chris/Documents/Repositories/portfolio-craft/craft/app/vendor/yiisoft/yii2/base/Object.php(107): craft\app\web\Application->init()
#3 /Users/Chris/Documents/Repositories/portfolio-craft/craft/app/vendor/yiisoft/yii2/base/Application.php(206): yii\base\Object->__construct(Array)
#4 /Users/Chris/Documents/Repositories/portfolio-craft/craft/app/web/Application.php(72): yii\base\Application->__construct(Array)
#5 /Users/Chris/Documents/Repositories/portfolio-craft/craft/app/bootstrap.php(235): craft\app\web\Application->__construct(Array)
#6 /Users/Chris/Documents/Repositories/portfolio-craft/craft/app/index.php(66): require('/Users/Chris/Do...')
#7 /Users/Chris/Documents/Repositories/portfolio-craft/public/index.php(19): require_once('/Users/Chris/Do...')
#8 {main}
2016-12-19 22:15:50 [::1][-][-][error][craft\app\db\Connection::open] SQLSTATE[HY000] [1045] Access denied for user 'root'@'localhost' (using password: NO)
2016-12-19 22:15:50 [::1][-][-][error][craft\app\db\Connection::open] SQLSTATE[HY000] [1045] Access denied for user 'root'@'localhost' (using password: NO)
2016-12-19 22:15:50 [::1][-][-][info][application] $_SERVER = [
    'HTTPS' => 'on'
    'SSL_TLS_SNI' => 'chris.web'
    'SSL_SERVER_S_DN_C' => 'HA'
    'SSL_SERVER_S_DN_ST' => 'fskjlflkj'
    'SSL_SERVER_S_DN_L' => 'jfkldsjklf'
    'SSL_SERVER_S_DN_O' => 'jklfjkldsfjkl'
    'SSL_SERVER_S_DN_CN' => 'chris.web'
    'SSL_SERVER_S_DN_Email' => 'kjlfdsjklf'
    'SSL_SERVER_I_DN_C' => 'HA'
    'SSL_SERVER_I_DN_ST' => 'fskjlflkj'
    'SSL_SERVER_I_DN_L' => 'jfkldsjklf'
    'SSL_SERVER_I_DN_O' => 'jklfjkldsfjkl'
    'SSL_SERVER_I_DN_CN' => 'chris.web'
    'SSL_SERVER_I_DN_Email' => 'kjlfdsjklf'
    'SSL_VERSION_INTERFACE' => 'mod_ssl/2.2.31'
    'SSL_VERSION_LIBRARY' => 'OpenSSL/1.0.2h'
    'SSL_PROTOCOL' => 'TLSv1.2'
    'SSL_SECURE_RENEG' => 'true'
    'SSL_COMPRESS_METHOD' => 'NULL'
    'SSL_CIPHER' => 'ECDHE-RSA-AES256-GCM-SHA384'
    'SSL_CIPHER_EXPORT' => 'false'
    'SSL_CIPHER_USEKEYSIZE' => '256'
    'SSL_CIPHER_ALGKEYSIZE' => '256'
    'SSL_CLIENT_VERIFY' => 'NONE'
    'SSL_SERVER_M_VERSION' => '1'
    'SSL_SERVER_M_SERIAL' => 'E7C570E90BA217DB'
    'SSL_SERVER_V_START' => 'Dec 19 22:15:24 2016 GMT'
    'SSL_SERVER_V_END' => 'Dec 17 22:15:24 2026 GMT'
    'SSL_SERVER_S_DN' => '/C=HA/ST=fskjlflkj/L=jfkldsjklf/O=jklfjkldsfjkl/CN=chris.web/emailAddress=kjlfdsjklf'
    'SSL_SERVER_I_DN' => '/C=HA/ST=fskjlflkj/L=jfkldsjklf/O=jklfjkldsfjkl/CN=chris.web/emailAddress=kjlfdsjklf'
    'SSL_SERVER_A_KEY' => 'rsaEncryption'
    'SSL_SERVER_A_SIG' => 'sha256WithRSAEncryption'
    'SSL_SESSION_ID' => 'ED1094893C48BF422D09B6AB0793F4CB29EDDABAD625B0AA7B5D52F4602D60E1'
    'HTTP_HOST' => 'chris.web'
    'HTTP_ACCEPT' => 'text/html,application/xhtml+xml,application/xml;q=0.9,*/*;q=0.8'
    'HTTP_ACCEPT_LANGUAGE' => 'en-us'
    'HTTP_CONNECTION' => 'keep-alive'
    'HTTP_ACCEPT_ENCODING' => 'gzip, deflate'
    'HTTP_USER_AGENT' => 'Mozilla/5.0 (Macintosh; Intel Mac OS X 10_12_1) AppleWebKit/602.2.14 (KHTML, like Gecko) Version/10.0.1 Safari/602.2.14'
    'PATH' => '/usr/bin:/bin:/usr/sbin:/sbin'
    'SERVER_SIGNATURE' => ''
    'SERVER_SOFTWARE' => 'Apache'
    'SERVER_NAME' => 'chris.web'
    'SERVER_ADDR' => '::1'
    'SERVER_PORT' => '443'
    'REMOTE_ADDR' => '::1'
    'DOCUMENT_ROOT' => '/Users/Chris/Documents/Repositories/portfolio-craft/public'
    'SERVER_ADMIN' => 'you@example.com'
    'SCRIPT_FILENAME' => '/Users/Chris/Documents/Repositories/portfolio-craft/public/index.php'
    'REMOTE_PORT' => '56669'
    'GATEWAY_INTERFACE' => 'CGI/1.1'
    'SERVER_PROTOCOL' => 'HTTP/1.1'
    'REQUEST_METHOD' => 'GET'
    'QUERY_STRING' => ''
    'REQUEST_URI' => '/'
    'SCRIPT_NAME' => '/index.php'
    'PHP_SELF' => '/index.php'
    'REQUEST_TIME_FLOAT' => 1482185750.02
    'REQUEST_TIME' => 1482185750
    'argv' => []
    'argc' => 0
]
2016-12-19 22:16:41 [::1][-][-][error][craft\app\db\Connection::open] SQLSTATE[HY000] [1045] Access denied for user 'root'@'localhost' (using password: NO)
2016-12-19 22:16:41 [::1][-][-][error][craft\app\db\Connection::open] SQLSTATE[HY000] [1045] Access denied for user 'root'@'localhost' (using password: NO)
2016-12-19 22:16:41 [::1][-][-][error][craft\app\errors\DbConnectException] exception 'craft\app\errors\DbConnectException' with message 'Database configuration errors: The database name isn’t set in your db config file.' in /Users/Chris/Documents/Repositories/portfolio-craft/craft/app/base/ApplicationTrait.php:702
Stack trace:
#0 /Users/Chris/Documents/Repositories/portfolio-craft/craft/app/base/ApplicationTrait.php(1224): craft\app\web\Application->validateDbConfigFile()
#1 /Users/Chris/Documents/Repositories/portfolio-craft/craft/app/web/Application.php(84): craft\app\web\Application->_init()
#2 /Users/Chris/Documents/Repositories/portfolio-craft/craft/app/vendor/yiisoft/yii2/base/Object.php(107): craft\app\web\Application->init()
#3 /Users/Chris/Documents/Repositories/portfolio-craft/craft/app/vendor/yiisoft/yii2/base/Application.php(206): yii\base\Object->__construct(Array)
#4 /Users/Chris/Documents/Repositories/portfolio-craft/craft/app/web/Application.php(72): yii\base\Application->__construct(Array)
#5 /Users/Chris/Documents/Repositories/portfolio-craft/craft/app/bootstrap.php(235): craft\app\web\Application->__construct(Array)
#6 /Users/Chris/Documents/Repositories/portfolio-craft/craft/app/index.php(66): require('/Users/Chris/Do...')
#7 /Users/Chris/Documents/Repositories/portfolio-craft/public/index.php(19): require_once('/Users/Chris/Do...')
#8 {main}
2016-12-19 22:16:41 [::1][-][-][error][craft\app\db\Connection::open] SQLSTATE[HY000] [1045] Access denied for user 'root'@'localhost' (using password: NO)
2016-12-19 22:16:41 [::1][-][-][error][craft\app\db\Connection::open] SQLSTATE[HY000] [1045] Access denied for user 'root'@'localhost' (using password: NO)
2016-12-19 22:16:41 [::1][-][-][info][application] $_SERVER = [
    'HTTPS' => 'on'
    'SSL_TLS_SNI' => 'chris.web'
    'SSL_SERVER_S_DN_C' => 'HA'
    'SSL_SERVER_S_DN_ST' => 'fskjlflkj'
    'SSL_SERVER_S_DN_L' => 'jfkldsjklf'
    'SSL_SERVER_S_DN_O' => 'jklfjkldsfjkl'
    'SSL_SERVER_S_DN_CN' => 'chris.web'
    'SSL_SERVER_S_DN_Email' => 'kjlfdsjklf'
    'SSL_SERVER_I_DN_C' => 'HA'
    'SSL_SERVER_I_DN_ST' => 'fskjlflkj'
    'SSL_SERVER_I_DN_L' => 'jfkldsjklf'
    'SSL_SERVER_I_DN_O' => 'jklfjkldsfjkl'
    'SSL_SERVER_I_DN_CN' => 'chris.web'
    'SSL_SERVER_I_DN_Email' => 'kjlfdsjklf'
    'SSL_VERSION_INTERFACE' => 'mod_ssl/2.2.31'
    'SSL_VERSION_LIBRARY' => 'OpenSSL/1.0.2h'
    'SSL_PROTOCOL' => 'TLSv1.2'
    'SSL_SECURE_RENEG' => 'true'
    'SSL_COMPRESS_METHOD' => 'NULL'
    'SSL_CIPHER' => 'ECDHE-RSA-AES256-GCM-SHA384'
    'SSL_CIPHER_EXPORT' => 'false'
    'SSL_CIPHER_USEKEYSIZE' => '256'
    'SSL_CIPHER_ALGKEYSIZE' => '256'
    'SSL_CLIENT_VERIFY' => 'NONE'
    'SSL_SERVER_M_VERSION' => '1'
    'SSL_SERVER_M_SERIAL' => 'E7C570E90BA217DB'
    'SSL_SERVER_V_START' => 'Dec 19 22:15:24 2016 GMT'
    'SSL_SERVER_V_END' => 'Dec 17 22:15:24 2026 GMT'
    'SSL_SERVER_S_DN' => '/C=HA/ST=fskjlflkj/L=jfkldsjklf/O=jklfjkldsfjkl/CN=chris.web/emailAddress=kjlfdsjklf'
    'SSL_SERVER_I_DN' => '/C=HA/ST=fskjlflkj/L=jfkldsjklf/O=jklfjkldsfjkl/CN=chris.web/emailAddress=kjlfdsjklf'
    'SSL_SERVER_A_KEY' => 'rsaEncryption'
    'SSL_SERVER_A_SIG' => 'sha256WithRSAEncryption'
    'SSL_SESSION_ID' => 'ED1094893C48BF422D09B6AB0793F4CB29EDDABAD625B0AA7B5D52F4602D60E1'
    'HTTP_HOST' => 'chris.web'
    'HTTP_ACCEPT_ENCODING' => 'gzip, deflate'
    'HTTP_ACCEPT' => 'text/html,application/xhtml+xml,application/xml;q=0.9,*/*;q=0.8'
    'HTTP_USER_AGENT' => 'Mozilla/5.0 (Macintosh; Intel Mac OS X 10_12_1) AppleWebKit/602.2.14 (KHTML, like Gecko) Version/10.0.1 Safari/602.2.14'
    'HTTP_ACCEPT_LANGUAGE' => 'en-us'
    'HTTP_CACHE_CONTROL' => 'max-age=0'
    'HTTP_CONNECTION' => 'keep-alive'
    'PATH' => '/usr/bin:/bin:/usr/sbin:/sbin'
    'SERVER_SIGNATURE' => ''
    'SERVER_SOFTWARE' => 'Apache'
    'SERVER_NAME' => 'chris.web'
    'SERVER_ADDR' => '::1'
    'SERVER_PORT' => '443'
    'REMOTE_ADDR' => '::1'
    'DOCUMENT_ROOT' => '/Users/Chris/Documents/Repositories/portfolio-craft/public'
    'SERVER_ADMIN' => 'you@example.com'
    'SCRIPT_FILENAME' => '/Users/Chris/Documents/Repositories/portfolio-craft/public/index.php'
    'REMOTE_PORT' => '56718'
    'GATEWAY_INTERFACE' => 'CGI/1.1'
    'SERVER_PROTOCOL' => 'HTTP/1.1'
    'REQUEST_METHOD' => 'GET'
    'QUERY_STRING' => ''
    'REQUEST_URI' => '/'
    'SCRIPT_NAME' => '/index.php'
    'PHP_SELF' => '/index.php'
    'REQUEST_TIME_FLOAT' => 1482185801.59
    'REQUEST_TIME' => 1482185801
    'argv' => []
    'argc' => 0
]
2016-12-19 22:16:43 [::1][-][-][error][craft\app\db\Connection::open] SQLSTATE[HY000] [1045] Access denied for user 'root'@'localhost' (using password: NO)
2016-12-19 22:16:43 [::1][-][-][error][craft\app\db\Connection::open] SQLSTATE[HY000] [1045] Access denied for user 'root'@'localhost' (using password: NO)
2016-12-19 22:16:43 [::1][-][-][error][craft\app\errors\DbConnectException] exception 'craft\app\errors\DbConnectException' with message 'Database configuration errors: The database name isn’t set in your db config file.' in /Users/Chris/Documents/Repositories/portfolio-craft/craft/app/base/ApplicationTrait.php:702
Stack trace:
#0 /Users/Chris/Documents/Repositories/portfolio-craft/craft/app/base/ApplicationTrait.php(1224): craft\app\web\Application->validateDbConfigFile()
#1 /Users/Chris/Documents/Repositories/portfolio-craft/craft/app/web/Application.php(84): craft\app\web\Application->_init()
#2 /Users/Chris/Documents/Repositories/portfolio-craft/craft/app/vendor/yiisoft/yii2/base/Object.php(107): craft\app\web\Application->init()
#3 /Users/Chris/Documents/Repositories/portfolio-craft/craft/app/vendor/yiisoft/yii2/base/Application.php(206): yii\base\Object->__construct(Array)
#4 /Users/Chris/Documents/Repositories/portfolio-craft/craft/app/web/Application.php(72): yii\base\Application->__construct(Array)
#5 /Users/Chris/Documents/Repositories/portfolio-craft/craft/app/bootstrap.php(235): craft\app\web\Application->__construct(Array)
#6 /Users/Chris/Documents/Repositories/portfolio-craft/craft/app/index.php(66): require('/Users/Chris/Do...')
#7 /Users/Chris/Documents/Repositories/portfolio-craft/public/index.php(19): require_once('/Users/Chris/Do...')
#8 {main}
2016-12-19 22:16:43 [::1][-][-][error][craft\app\db\Connection::open] SQLSTATE[HY000] [1045] Access denied for user 'root'@'localhost' (using password: NO)
2016-12-19 22:16:43 [::1][-][-][error][craft\app\db\Connection::open] SQLSTATE[HY000] [1045] Access denied for user 'root'@'localhost' (using password: NO)
2016-12-19 22:16:43 [::1][-][-][info][application] $_SERVER = [
    'HTTPS' => 'on'
    'SSL_TLS_SNI' => 'chris.web'
    'SSL_SERVER_S_DN_C' => 'HA'
    'SSL_SERVER_S_DN_ST' => 'fskjlflkj'
    'SSL_SERVER_S_DN_L' => 'jfkldsjklf'
    'SSL_SERVER_S_DN_O' => 'jklfjkldsfjkl'
    'SSL_SERVER_S_DN_CN' => 'chris.web'
    'SSL_SERVER_S_DN_Email' => 'kjlfdsjklf'
    'SSL_SERVER_I_DN_C' => 'HA'
    'SSL_SERVER_I_DN_ST' => 'fskjlflkj'
    'SSL_SERVER_I_DN_L' => 'jfkldsjklf'
    'SSL_SERVER_I_DN_O' => 'jklfjkldsfjkl'
    'SSL_SERVER_I_DN_CN' => 'chris.web'
    'SSL_SERVER_I_DN_Email' => 'kjlfdsjklf'
    'SSL_VERSION_INTERFACE' => 'mod_ssl/2.2.31'
    'SSL_VERSION_LIBRARY' => 'OpenSSL/1.0.2h'
    'SSL_PROTOCOL' => 'TLSv1.2'
    'SSL_SECURE_RENEG' => 'true'
    'SSL_COMPRESS_METHOD' => 'NULL'
    'SSL_CIPHER' => 'ECDHE-RSA-AES256-GCM-SHA384'
    'SSL_CIPHER_EXPORT' => 'false'
    'SSL_CIPHER_USEKEYSIZE' => '256'
    'SSL_CIPHER_ALGKEYSIZE' => '256'
    'SSL_CLIENT_VERIFY' => 'NONE'
    'SSL_SERVER_M_VERSION' => '1'
    'SSL_SERVER_M_SERIAL' => 'E7C570E90BA217DB'
    'SSL_SERVER_V_START' => 'Dec 19 22:15:24 2016 GMT'
    'SSL_SERVER_V_END' => 'Dec 17 22:15:24 2026 GMT'
    'SSL_SERVER_S_DN' => '/C=HA/ST=fskjlflkj/L=jfkldsjklf/O=jklfjkldsfjkl/CN=chris.web/emailAddress=kjlfdsjklf'
    'SSL_SERVER_I_DN' => '/C=HA/ST=fskjlflkj/L=jfkldsjklf/O=jklfjkldsfjkl/CN=chris.web/emailAddress=kjlfdsjklf'
    'SSL_SERVER_A_KEY' => 'rsaEncryption'
    'SSL_SERVER_A_SIG' => 'sha256WithRSAEncryption'
    'SSL_SESSION_ID' => 'ED1094893C48BF422D09B6AB0793F4CB29EDDABAD625B0AA7B5D52F4602D60E1'
    'HTTP_HOST' => 'chris.web'
    'HTTP_ACCEPT_ENCODING' => 'gzip, deflate'
    'HTTP_ACCEPT' => 'text/html,application/xhtml+xml,application/xml;q=0.9,*/*;q=0.8'
    'HTTP_USER_AGENT' => 'Mozilla/5.0 (Macintosh; Intel Mac OS X 10_12_1) AppleWebKit/602.2.14 (KHTML, like Gecko) Version/10.0.1 Safari/602.2.14'
    'HTTP_ACCEPT_LANGUAGE' => 'en-us'
    'HTTP_CACHE_CONTROL' => 'max-age=0'
    'HTTP_CONNECTION' => 'keep-alive'
    'PATH' => '/usr/bin:/bin:/usr/sbin:/sbin'
    'SERVER_SIGNATURE' => ''
    'SERVER_SOFTWARE' => 'Apache'
    'SERVER_NAME' => 'chris.web'
    'SERVER_ADDR' => '::1'
    'SERVER_PORT' => '443'
    'REMOTE_ADDR' => '::1'
    'DOCUMENT_ROOT' => '/Users/Chris/Documents/Repositories/portfolio-craft/public'
    'SERVER_ADMIN' => 'you@example.com'
    'SCRIPT_FILENAME' => '/Users/Chris/Documents/Repositories/portfolio-craft/public/index.php'
    'REMOTE_PORT' => '56720'
    'GATEWAY_INTERFACE' => 'CGI/1.1'
    'SERVER_PROTOCOL' => 'HTTP/1.1'
    'REQUEST_METHOD' => 'GET'
    'QUERY_STRING' => ''
    'REQUEST_URI' => '/'
    'SCRIPT_NAME' => '/index.php'
    'PHP_SELF' => '/index.php'
    'REQUEST_TIME_FLOAT' => 1482185803.25
    'REQUEST_TIME' => 1482185803
    'argv' => []
    'argc' => 0
]
2016-12-19 22:18:45 [::1][-][-][error][craft\app\db\Connection::open] SQLSTATE[HY000] [1045] Access denied for user 'root'@'localhost' (using password: NO)
2016-12-19 22:18:45 [::1][-][-][error][craft\app\db\Connection::open] SQLSTATE[HY000] [1045] Access denied for user 'root'@'localhost' (using password: NO)
2016-12-19 22:18:45 [::1][-][-][error][craft\app\errors\DbConnectException] exception 'craft\app\errors\DbConnectException' with message 'Database configuration errors: The database name isn’t set in your db config file.' in /Users/Chris/Documents/Repositories/portfolio-craft/craft/app/base/ApplicationTrait.php:702
Stack trace:
#0 /Users/Chris/Documents/Repositories/portfolio-craft/craft/app/base/ApplicationTrait.php(1224): craft\app\web\Application->validateDbConfigFile()
#1 /Users/Chris/Documents/Repositories/portfolio-craft/craft/app/web/Application.php(84): craft\app\web\Application->_init()
#2 /Users/Chris/Documents/Repositories/portfolio-craft/craft/app/vendor/yiisoft/yii2/base/Object.php(107): craft\app\web\Application->init()
#3 /Users/Chris/Documents/Repositories/portfolio-craft/craft/app/vendor/yiisoft/yii2/base/Application.php(206): yii\base\Object->__construct(Array)
#4 /Users/Chris/Documents/Repositories/portfolio-craft/craft/app/web/Application.php(72): yii\base\Application->__construct(Array)
#5 /Users/Chris/Documents/Repositories/portfolio-craft/craft/app/bootstrap.php(235): craft\app\web\Application->__construct(Array)
#6 /Users/Chris/Documents/Repositories/portfolio-craft/craft/app/index.php(66): require('/Users/Chris/Do...')
#7 /Users/Chris/Documents/Repositories/portfolio-craft/public/index.php(19): require_once('/Users/Chris/Do...')
#8 {main}
2016-12-19 22:18:45 [::1][-][-][error][craft\app\db\Connection::open] SQLSTATE[HY000] [1045] Access denied for user 'root'@'localhost' (using password: NO)
2016-12-19 22:18:45 [::1][-][-][error][craft\app\db\Connection::open] SQLSTATE[HY000] [1045] Access denied for user 'root'@'localhost' (using password: NO)
2016-12-19 22:18:45 [::1][-][-][info][application] $_SERVER = [
    'HTTPS' => 'on'
    'SSL_TLS_SNI' => 'chris.web'
    'SSL_SERVER_S_DN_C' => 'HA'
    'SSL_SERVER_S_DN_ST' => 'fskjlflkj'
    'SSL_SERVER_S_DN_L' => 'jfkldsjklf'
    'SSL_SERVER_S_DN_O' => 'jklfjkldsfjkl'
    'SSL_SERVER_S_DN_CN' => 'chris.web'
    'SSL_SERVER_S_DN_Email' => 'kjlfdsjklf'
    'SSL_SERVER_I_DN_C' => 'HA'
    'SSL_SERVER_I_DN_ST' => 'fskjlflkj'
    'SSL_SERVER_I_DN_L' => 'jfkldsjklf'
    'SSL_SERVER_I_DN_O' => 'jklfjkldsfjkl'
    'SSL_SERVER_I_DN_CN' => 'chris.web'
    'SSL_SERVER_I_DN_Email' => 'kjlfdsjklf'
    'SSL_VERSION_INTERFACE' => 'mod_ssl/2.2.31'
    'SSL_VERSION_LIBRARY' => 'OpenSSL/1.0.2h'
    'SSL_PROTOCOL' => 'TLSv1.2'
    'SSL_SECURE_RENEG' => 'true'
    'SSL_COMPRESS_METHOD' => 'NULL'
    'SSL_CIPHER' => 'ECDHE-RSA-AES256-GCM-SHA384'
    'SSL_CIPHER_EXPORT' => 'false'
    'SSL_CIPHER_USEKEYSIZE' => '256'
    'SSL_CIPHER_ALGKEYSIZE' => '256'
    'SSL_CLIENT_VERIFY' => 'NONE'
    'SSL_SERVER_M_VERSION' => '1'
    'SSL_SERVER_M_SERIAL' => 'E7C570E90BA217DB'
    'SSL_SERVER_V_START' => 'Dec 19 22:15:24 2016 GMT'
    'SSL_SERVER_V_END' => 'Dec 17 22:15:24 2026 GMT'
    'SSL_SERVER_S_DN' => '/C=HA/ST=fskjlflkj/L=jfkldsjklf/O=jklfjkldsfjkl/CN=chris.web/emailAddress=kjlfdsjklf'
    'SSL_SERVER_I_DN' => '/C=HA/ST=fskjlflkj/L=jfkldsjklf/O=jklfjkldsfjkl/CN=chris.web/emailAddress=kjlfdsjklf'
    'SSL_SERVER_A_KEY' => 'rsaEncryption'
    'SSL_SERVER_A_SIG' => 'sha256WithRSAEncryption'
    'SSL_SESSION_ID' => 'ED1094893C48BF422D09B6AB0793F4CB29EDDABAD625B0AA7B5D52F4602D60E1'
    'HTTP_HOST' => 'chris.web'
    'HTTP_ACCEPT_ENCODING' => 'gzip, deflate'
    'HTTP_ACCEPT' => 'text/html,application/xhtml+xml,application/xml;q=0.9,*/*;q=0.8'
    'HTTP_USER_AGENT' => 'Mozilla/5.0 (Macintosh; Intel Mac OS X 10_12_1) AppleWebKit/602.2.14 (KHTML, like Gecko) Version/10.0.1 Safari/602.2.14'
    'HTTP_ACCEPT_LANGUAGE' => 'en-us'
    'HTTP_CACHE_CONTROL' => 'max-age=0'
    'HTTP_CONNECTION' => 'keep-alive'
    'PATH' => '/usr/bin:/bin:/usr/sbin:/sbin'
    'SERVER_SIGNATURE' => ''
    'SERVER_SOFTWARE' => 'Apache'
    'SERVER_NAME' => 'chris.web'
    'SERVER_ADDR' => '::1'
    'SERVER_PORT' => '443'
    'REMOTE_ADDR' => '::1'
    'DOCUMENT_ROOT' => '/Users/Chris/Documents/Repositories/portfolio-craft/public'
    'SERVER_ADMIN' => 'you@example.com'
    'SCRIPT_FILENAME' => '/Users/Chris/Documents/Repositories/portfolio-craft/public/index.php'
    'REMOTE_PORT' => '56807'
    'GATEWAY_INTERFACE' => 'CGI/1.1'
    'SERVER_PROTOCOL' => 'HTTP/1.1'
    'REQUEST_METHOD' => 'GET'
    'QUERY_STRING' => ''
    'REQUEST_URI' => '/'
    'SCRIPT_NAME' => '/index.php'
    'PHP_SELF' => '/index.php'
    'REQUEST_TIME_FLOAT' => 1482185925.59
    'REQUEST_TIME' => 1482185925
    'argv' => []
    'argc' => 0
]
2016-12-19 14:21:03 [::1][1][-][warning][craft\app\db\mysql\Schema::releaseSavepoint] Tried to release a savepoint, but it does not exist: SQLSTATE[42000]: Syntax error or access violation: 1305 SAVEPOINT LEVEL1 does not exist
The SQL being executed was: RELEASE SAVEPOINT LEVEL1
2016-12-19 14:21:06 [::1][1][-][warning][craft\app\db\mysql\Schema::releaseSavepoint] Tried to release a savepoint, but it does not exist: SQLSTATE[42000]: Syntax error or access violation: 1305 SAVEPOINT LEVEL4 does not exist
The SQL being executed was: RELEASE SAVEPOINT LEVEL4
2016-12-19 14:21:06 [::1][1][-][warning][craft\app\db\mysql\Schema::releaseSavepoint] Tried to release a savepoint, but it does not exist: SQLSTATE[42000]: Syntax error or access violation: 1305 SAVEPOINT LEVEL3 does not exist
The SQL being executed was: RELEASE SAVEPOINT LEVEL3
2016-12-19 14:21:06 [::1][1][-][warning][craft\app\db\mysql\Schema::releaseSavepoint] Tried to release a savepoint, but it does not exist: SQLSTATE[42000]: Syntax error or access violation: 1305 SAVEPOINT LEVEL2 does not exist
The SQL being executed was: RELEASE SAVEPOINT LEVEL2
2016-12-19 14:21:06 [::1][1][-][warning][craft\app\db\mysql\Schema::releaseSavepoint] Tried to release a savepoint, but it does not exist: SQLSTATE[42000]: Syntax error or access violation: 1305 SAVEPOINT LEVEL1 does not exist
The SQL being executed was: RELEASE SAVEPOINT LEVEL1
2016-12-19 14:20:59 [::1][1][-][info][application] $_POST = [
    'username' => 'challahan'
    'email' => 'chris@chrishallahan.com'
    'password' => 'golden08Fla$h!!'
    'siteName' => 'Christopher Hallahan'
    'siteUrl' => 'http://chris.web'
    'siteLanguage' => 'en-US'
    'CRAFT_CSRF_TOKEN' => 'bnlzVXowSTBZGiIUSncHAxwpS3hCHT57Vy0qAiwCC0gHMBFsTwURdj82GngfUyZW'
]

$_COOKIE = [
    'CRAFT_CSRF_TOKEN' => 'bb98eaa31282715585bfc81aca4a5a52790cd6e3750c06b09d5ad20f0f3587b7a:2:{i:0;s:16:\"CRAFT_CSRF_TOKEN\";i:1;s:40:\"7cQA0GN3rP8-8-wK9TYWV2BxiIb955XFQOi-ecof\";}'
]

$_SESSION = [
    'ad51d1dbb81154805061606d1450c842__flash' => []
    '0bbe09ff46b1912d5066b7243992fa30__id' => 1
    '0bbe09ff46b1912d5066b7243992fa30__expire' => 1482189666
]

$_SERVER = [
    'HTTPS' => 'on'
    'SSL_TLS_SNI' => 'chris.web'
    'SSL_SERVER_S_DN_C' => 'HA'
    'SSL_SERVER_S_DN_ST' => 'fskjlflkj'
    'SSL_SERVER_S_DN_L' => 'jfkldsjklf'
    'SSL_SERVER_S_DN_O' => 'jklfjkldsfjkl'
    'SSL_SERVER_S_DN_CN' => 'chris.web'
    'SSL_SERVER_S_DN_Email' => 'kjlfdsjklf'
    'SSL_SERVER_I_DN_C' => 'HA'
    'SSL_SERVER_I_DN_ST' => 'fskjlflkj'
    'SSL_SERVER_I_DN_L' => 'jfkldsjklf'
    'SSL_SERVER_I_DN_O' => 'jklfjkldsfjkl'
    'SSL_SERVER_I_DN_CN' => 'chris.web'
    'SSL_SERVER_I_DN_Email' => 'kjlfdsjklf'
    'SSL_VERSION_INTERFACE' => 'mod_ssl/2.2.31'
    'SSL_VERSION_LIBRARY' => 'OpenSSL/1.0.2h'
    'SSL_PROTOCOL' => 'TLSv1.2'
    'SSL_SECURE_RENEG' => 'true'
    'SSL_COMPRESS_METHOD' => 'NULL'
    'SSL_CIPHER' => 'ECDHE-RSA-AES256-GCM-SHA384'
    'SSL_CIPHER_EXPORT' => 'false'
    'SSL_CIPHER_USEKEYSIZE' => '256'
    'SSL_CIPHER_ALGKEYSIZE' => '256'
    'SSL_CLIENT_VERIFY' => 'NONE'
    'SSL_SERVER_M_VERSION' => '1'
    'SSL_SERVER_M_SERIAL' => 'E7C570E90BA217DB'
    'SSL_SERVER_V_START' => 'Dec 19 22:15:24 2016 GMT'
    'SSL_SERVER_V_END' => 'Dec 17 22:15:24 2026 GMT'
    'SSL_SERVER_S_DN' => '/C=HA/ST=fskjlflkj/L=jfkldsjklf/O=jklfjkldsfjkl/CN=chris.web/emailAddress=kjlfdsjklf'
    'SSL_SERVER_I_DN' => '/C=HA/ST=fskjlflkj/L=jfkldsjklf/O=jklfjkldsfjkl/CN=chris.web/emailAddress=kjlfdsjklf'
    'SSL_SERVER_A_KEY' => 'rsaEncryption'
    'SSL_SERVER_A_SIG' => 'sha256WithRSAEncryption'
    'SSL_SESSION_ID' => 'C6E300223669C2ADE9CB36558BF466EAA63411C19C2B93B75BABF52F285755F7'
    'HTTP_HOST' => 'chris.web'
    'HTTP_ACCEPT' => 'application/json, text/javascript, */*; q=0.01'
    'HTTP_X_REQUESTED_WITH' => 'XMLHttpRequest'
    'HTTP_ACCEPT_LANGUAGE' => 'en-us'
    'HTTP_ACCEPT_ENCODING' => 'gzip, deflate'
    'CONTENT_TYPE' => 'application/x-www-form-urlencoded; charset=UTF-8'
    'HTTP_ORIGIN' => 'https://chris.web'
    'HTTP_USER_AGENT' => 'Mozilla/5.0 (Macintosh; Intel Mac OS X 10_12_1) AppleWebKit/602.2.14 (KHTML, like Gecko) Version/10.0.1 Safari/602.2.14'
    'HTTP_CONNECTION' => 'keep-alive'
    'HTTP_REFERER' => 'https://chris.web/admin/install'
    'CONTENT_LENGTH' => '239'
    'HTTP_COOKIE' => 'CRAFT_CSRF_TOKEN=bb98eaa31282715585bfc81aca4a5a52790cd6e3750c06b09d5ad20f0f3587b7a%3A2%3A%7Bi%3A0%3Bs%3A16%3A%22CRAFT_CSRF_TOKEN%22%3Bi%3A1%3Bs%3A40%3A%227cQA0GN3rP8-8-wK9TYWV2BxiIb955XFQOi-ecof%22%3B%7D'
    'PATH' => '/usr/bin:/bin:/usr/sbin:/sbin'
    'SERVER_SIGNATURE' => ''
    'SERVER_SOFTWARE' => 'Apache'
    'SERVER_NAME' => 'chris.web'
    'SERVER_ADDR' => '::1'
    'SERVER_PORT' => '443'
    'REMOTE_ADDR' => '::1'
    'DOCUMENT_ROOT' => '/Users/Chris/Documents/Repositories/portfolio-craft/public'
    'SERVER_ADMIN' => 'you@example.com'
    'SCRIPT_FILENAME' => '/Users/Chris/Documents/Repositories/portfolio-craft/public/index.php'
    'REMOTE_PORT' => '56875'
    'GATEWAY_INTERFACE' => 'CGI/1.1'
    'SERVER_PROTOCOL' => 'HTTP/1.1'
    'REQUEST_METHOD' => 'POST'
    'QUERY_STRING' => ''
    'REQUEST_URI' => '/index.php/admin/actions/install/install'
    'SCRIPT_NAME' => '/index.php'
    'PATH_INFO' => '/admin/actions/install/install'
    'PATH_TRANSLATED' => 'redirect:/index.php/actions/install/install'
    'PHP_SELF' => '/index.php/admin/actions/install/install'
    'REQUEST_TIME_FLOAT' => 1482186059.9
    'REQUEST_TIME' => 1482186059
    'argv' => []
    'argc' => 0
]
2016-12-19 14:21:10 [::1][1][-][warning][craft\app\helpers\Io::createFolder] Tried to create a folder at /Users/Chris/Documents/Repositories/portfolio-craft/craft/storage/runtime/cache/li/, but the folder already exists.
2016-12-19 14:21:09 [::1][1][-][info][application] $_POST = [
    'forceRefresh' => 'false'
    'CRAFT_CSRF_TOKEN' => 'OF91TzE2dmoPPCQOAXE4WUoPTWIJGwEhAQssGGcENBJRFhd2BAMuLGkQHGJUVRkMRGxHdwUBRlIJZhEqCQ4UDA9pECsAVUJYADxGf1VUTloKOhR/BFVBUlluEXZTBEJdCD5Mf1VTQ19cbhF9VAEQWQFoFh5wBjEkCy0ldxwOWx1zZiEWZmBEKEA2PC0IA0Myfg46JhxTFQVeI0QzFQQPTglsUSRfAUFfDmYWG0BTL1IPOwAleAQ.OU0aEzgHXBkpejwbfnpfGi9iFUYgYwNYIxYrMBgFAFgL'
]

$_COOKIE = [
    'CRAFT_CSRF_TOKEN' => 'b26aa523eb19a5b276f98301e9a1ad9835da5db2fe734db9407d7db788bf583da:2:{i:0;s:16:\"CRAFT_CSRF_TOKEN\";i:1;s:208:\"7cQA0GN3rP8-8-wK9TYWV2BxiIb955XFQOi-ecof|328470819de88bf76ed1c428c30db802ea05c78a1d9b2470a90de55d1d2e7f397cQA0GN3rP8-8-wK9TYWV2BxiIb955XFQOi-ecof|1|$2y$13$kn77569cTqeY87dujI2HSuEfw6joCBcn1KilEZJ3oR5.I.tEW46.a\";}'
    '0bbe09ff46b1912d5066b7243992fa30_username' => 'f832b7a9044e728f83e29fa0603dea138e29433cc7da558fe45b9ee2e98cda62a:2:{i:0;s:41:\"0bbe09ff46b1912d5066b7243992fa30_username\";i:1;s:9:\"challahan\";}'
    'CraftSessionId' => '93b9674825d3fd138fe1caae5c7c27ff'
]

$_SESSION = [
    'ad51d1dbb81154805061606d1450c842__flash' => []
    '0bbe09ff46b1912d5066b7243992fa30__id' => 1
    '0bbe09ff46b1912d5066b7243992fa30__expire' => 1482189669
]

$_SERVER = [
    'HTTPS' => 'on'
    'SSL_TLS_SNI' => 'chris.web'
    'SSL_SERVER_S_DN_C' => 'HA'
    'SSL_SERVER_S_DN_ST' => 'fskjlflkj'
    'SSL_SERVER_S_DN_L' => 'jfkldsjklf'
    'SSL_SERVER_S_DN_O' => 'jklfjkldsfjkl'
    'SSL_SERVER_S_DN_CN' => 'chris.web'
    'SSL_SERVER_S_DN_Email' => 'kjlfdsjklf'
    'SSL_SERVER_I_DN_C' => 'HA'
    'SSL_SERVER_I_DN_ST' => 'fskjlflkj'
    'SSL_SERVER_I_DN_L' => 'jfkldsjklf'
    'SSL_SERVER_I_DN_O' => 'jklfjkldsfjkl'
    'SSL_SERVER_I_DN_CN' => 'chris.web'
    'SSL_SERVER_I_DN_Email' => 'kjlfdsjklf'
    'SSL_VERSION_INTERFACE' => 'mod_ssl/2.2.31'
    'SSL_VERSION_LIBRARY' => 'OpenSSL/1.0.2h'
    'SSL_PROTOCOL' => 'TLSv1.2'
    'SSL_SECURE_RENEG' => 'true'
    'SSL_COMPRESS_METHOD' => 'NULL'
    'SSL_CIPHER' => 'ECDHE-RSA-AES256-GCM-SHA384'
    'SSL_CIPHER_EXPORT' => 'false'
    'SSL_CIPHER_USEKEYSIZE' => '256'
    'SSL_CIPHER_ALGKEYSIZE' => '256'
    'SSL_CLIENT_VERIFY' => 'NONE'
    'SSL_SERVER_M_VERSION' => '1'
    'SSL_SERVER_M_SERIAL' => 'E7C570E90BA217DB'
    'SSL_SERVER_V_START' => 'Dec 19 22:15:24 2016 GMT'
    'SSL_SERVER_V_END' => 'Dec 17 22:15:24 2026 GMT'
    'SSL_SERVER_S_DN' => '/C=HA/ST=fskjlflkj/L=jfkldsjklf/O=jklfjkldsfjkl/CN=chris.web/emailAddress=kjlfdsjklf'
    'SSL_SERVER_I_DN' => '/C=HA/ST=fskjlflkj/L=jfkldsjklf/O=jklfjkldsfjkl/CN=chris.web/emailAddress=kjlfdsjklf'
    'SSL_SERVER_A_KEY' => 'rsaEncryption'
    'SSL_SERVER_A_SIG' => 'sha256WithRSAEncryption'
    'SSL_SESSION_ID' => 'C6E300223669C2ADE9CB36558BF466EAA63411C19C2B93B75BABF52F285755F7'
    'HTTP_HOST' => 'chris.web'
    'HTTP_ACCEPT' => 'application/json, text/javascript, */*; q=0.01'
    'HTTP_X_REQUESTED_WITH' => 'XMLHttpRequest'
    'HTTP_ACCEPT_LANGUAGE' => 'en-us'
    'HTTP_ACCEPT_ENCODING' => 'gzip, deflate'
    'CONTENT_TYPE' => 'application/x-www-form-urlencoded; charset=UTF-8'
    'HTTP_ORIGIN' => 'https://chris.web'
    'HTTP_USER_AGENT' => 'Mozilla/5.0 (Macintosh; Intel Mac OS X 10_12_1) AppleWebKit/602.2.14 (KHTML, like Gecko) Version/10.0.1 Safari/602.2.14'
    'HTTP_CONNECTION' => 'keep-alive'
    'HTTP_REFERER' => 'https://chris.web/admin/dashboard'
    'CONTENT_LENGTH' => '326'
    'HTTP_COOKIE' => 'CRAFT_CSRF_TOKEN=b26aa523eb19a5b276f98301e9a1ad9835da5db2fe734db9407d7db788bf583da%3A2%3A%7Bi%3A0%3Bs%3A16%3A%22CRAFT_CSRF_TOKEN%22%3Bi%3A1%3Bs%3A208%3A%227cQA0GN3rP8-8-wK9TYWV2BxiIb955XFQOi-ecof%7C328470819de88bf76ed1c428c30db802ea05c78a1d9b2470a90de55d1d2e7f397cQA0GN3rP8-8-wK9TYWV2BxiIb955XFQOi-ecof%7C1%7C%242y%2413%24kn77569cTqeY87dujI2HSuEfw6joCBcn1KilEZJ3oR5.I.tEW46.a%22%3B%7D; 0bbe09ff46b1912d5066b7243992fa30_username=f832b7a9044e728f83e29fa0603dea138e29433cc7da558fe45b9ee2e98cda62a%3A2%3A%7Bi%3A0%3Bs%3A41%3A%220bbe09ff46b1912d5066b7243992fa30_username%22%3Bi%3A1%3Bs%3A9%3A%22challahan%22%3B%7D; CraftSessionId=93b9674825d3fd138fe1caae5c7c27ff'
    'PATH' => '/usr/bin:/bin:/usr/sbin:/sbin'
    'SERVER_SIGNATURE' => ''
    'SERVER_SOFTWARE' => 'Apache'
    'SERVER_NAME' => 'chris.web'
    'SERVER_ADDR' => '::1'
    'SERVER_PORT' => '443'
    'REMOTE_ADDR' => '::1'
    'DOCUMENT_ROOT' => '/Users/Chris/Documents/Repositories/portfolio-craft/public'
    'SERVER_ADMIN' => 'you@example.com'
    'SCRIPT_FILENAME' => '/Users/Chris/Documents/Repositories/portfolio-craft/public/index.php'
    'REMOTE_PORT' => '56877'
    'GATEWAY_INTERFACE' => 'CGI/1.1'
    'SERVER_PROTOCOL' => 'HTTP/1.1'
    'REQUEST_METHOD' => 'POST'
    'QUERY_STRING' => ''
    'REQUEST_URI' => '/index.php/admin/actions/app/check-for-updates'
    'SCRIPT_NAME' => '/index.php'
    'PATH_INFO' => '/admin/actions/app/check-for-updates'
    'PATH_TRANSLATED' => 'redirect:/index.php/actions/app/check-for-updates'
    'PHP_SELF' => '/index.php/admin/actions/app/check-for-updates'
    'REQUEST_TIME_FLOAT' => 1482186069.4
    'REQUEST_TIME' => 1482186069
    'argv' => []
    'argc' => 0
]
